  0.500000000000000       0.500000000000000        1.05525277245525     
  0.000000000000000E+000
   1.50000000000000       0.500000000000000        1.42735003815160     
  0.000000000000000E+000
   2.50000000000000       0.500000000000000        1.87838539240083     
  0.000000000000000E+000
   3.50000000000000       0.500000000000000        2.32970679233749     
  0.000000000000000E+000
   4.50000000000000       0.500000000000000        2.62705294184742     
  0.000000000000000E+000
   5.50000000000000       0.500000000000000        2.62705294184742     
  0.000000000000000E+000
   6.50000000000000       0.500000000000000        2.32972562092018     
  0.000000000000000E+000
   7.50000000000000       0.500000000000000        1.87840193102075     
  0.000000000000000E+000
   8.50000000000000       0.500000000000000        1.42736123352509     
  0.000000000000000E+000
   9.50000000000000       0.500000000000000        1.05522588129540     
  0.000000000000000E+000
  0.500000000000000        1.50000000000000        1.42735003815160     
  0.000000000000000E+000
   1.50000000000000        1.50000000000000        2.08628324586938     
  0.000000000000000E+000
   2.50000000000000        1.50000000000000        3.00729148496554     
  0.000000000000000E+000
   3.50000000000000        1.50000000000000        4.07925498479255     
  0.000000000000000E+000
   4.50000000000000        1.50000000000000        4.87495003397807     
  0.000000000000000E+000
   5.50000000000000        1.50000000000000        4.87494621737348     
  0.000000000000000E+000
   6.50000000000000        1.50000000000000        4.07926354034785     
  0.000000000000000E+000
   7.50000000000000        1.50000000000000        3.00730064481658     
  0.000000000000000E+000
   8.50000000000000        1.50000000000000        2.08627850691863     
  0.000000000000000E+000
   9.50000000000000        1.50000000000000        1.42734507656561     
  0.000000000000000E+000
  0.500000000000000        2.50000000000000        1.87838539240083     
  0.000000000000000E+000
   1.50000000000000        2.50000000000000        3.00729148496554     
  0.000000000000000E+000
   2.50000000000000        2.50000000000000        4.90752764869773     
  0.000000000000000E+000
   3.50000000000000        2.50000000000000        7.70725715145235     
  0.000000000000000E+000
   4.50000000000000        2.50000000000000        10.2633354264318     
  0.000000000000000E+000
   5.50000000000000        2.50000000000000        10.2633348539411     
  0.000000000000000E+000
   6.50000000000000        2.50000000000000        7.70726090444685     
  0.000000000000000E+000
   7.50000000000000        2.50000000000000        4.90752764869773     
  0.000000000000000E+000
   8.50000000000000        2.50000000000000        3.00729033998414     
  0.000000000000000E+000
   9.50000000000000        2.50000000000000        1.87840080194192     
  0.000000000000000E+000
  0.500000000000000        3.50000000000000        2.32970679233749     
  0.000000000000000E+000
   1.50000000000000        3.50000000000000        4.07925498479255     
  0.000000000000000E+000
   2.50000000000000        3.50000000000000        7.70725715145235     
  0.000000000000000E+000
   3.50000000000000        3.50000000000000        15.4918796471592     
  0.000000000000000E+000
   4.50000000000000        3.50000000000000        26.6739993730543     
  0.000000000000000E+000
   5.50000000000000        3.50000000000000        26.6740030624387     
  0.000000000000000E+000
   6.50000000000000        3.50000000000000        15.4918768165108     
  0.000000000000000E+000
   7.50000000000000        3.50000000000000        7.70725740589264     
  0.000000000000000E+000
   8.50000000000000        3.50000000000000        4.07925374439606     
  0.000000000000000E+000
   9.50000000000000        3.50000000000000        2.32969508808338     
  0.000000000000000E+000
  0.500000000000000        4.50000000000000        2.62705294184742     
  0.000000000000000E+000
   1.50000000000000        4.50000000000000        4.87495003397807     
  0.000000000000000E+000
   2.50000000000000        4.50000000000000        10.2633354264318     
  0.000000000000000E+000
   3.50000000000000        4.50000000000000        26.6739993730543     
  0.000000000000000E+000
   4.50000000000000        4.50000000000000        86.5388607963524     
  0.000000000000000E+000
   5.50000000000000        4.50000000000000        86.5388614960632     
  0.000000000000000E+000
   6.50000000000000        4.50000000000000        26.6739980372426     
  0.000000000000000E+000
   7.50000000000000        4.50000000000000        10.2633298287451     
  0.000000000000000E+000
   8.50000000000000        4.50000000000000        4.87495257838117     
  0.000000000000000E+000
   9.50000000000000        4.50000000000000        2.62705157423078     
  0.000000000000000E+000
  0.500000000000000        5.50000000000000        2.62705294184742     
  0.000000000000000E+000
   1.50000000000000        5.50000000000000        4.87494621737348     
  0.000000000000000E+000
   2.50000000000000        5.50000000000000        10.2633348539411     
  0.000000000000000E+000
   3.50000000000000        5.50000000000000        26.6740030624387     
  0.000000000000000E+000
   4.50000000000000        5.50000000000000        86.5388614960632     
  0.000000000000000E+000
   5.50000000000000        5.50000000000000        86.5388621957741     
  0.000000000000000E+000
   6.50000000000000        5.50000000000000        26.6740017266271     
  0.000000000000000E+000
   7.50000000000000        5.50000000000000        10.2633292562544     
  0.000000000000000E+000
   8.50000000000000        5.50000000000000        4.87494876177657     
  0.000000000000000E+000
   9.50000000000000        5.50000000000000        2.62705157423078     
  0.000000000000000E+000
  0.500000000000000        6.50000000000000        2.32972562092018     
  0.000000000000000E+000
   1.50000000000000        6.50000000000000        4.07926354034785     
  0.000000000000000E+000
   2.50000000000000        6.50000000000000        7.70726090444685     
  0.000000000000000E+000
   3.50000000000000        6.50000000000000        15.4918768165108     
  0.000000000000000E+000
   4.50000000000000        6.50000000000000        26.6739980372426     
  0.000000000000000E+000
   5.50000000000000        6.50000000000000        26.6740017266271     
  0.000000000000000E+000
   6.50000000000000        6.50000000000000        15.4918739858624     
  0.000000000000000E+000
   7.50000000000000        6.50000000000000        7.70726115888716     
  0.000000000000000E+000
   8.50000000000000        6.50000000000000        4.07926229995136     
  0.000000000000000E+000
   9.50000000000000        6.50000000000000        2.32971391666606     
  0.000000000000000E+000
  0.500000000000000        7.50000000000000        1.87840193102075     
  0.000000000000000E+000
   1.50000000000000        7.50000000000000        3.00730064481658     
  0.000000000000000E+000
   2.50000000000000        7.50000000000000        4.90752764869773     
  0.000000000000000E+000
   3.50000000000000        7.50000000000000        7.70725740589264     
  0.000000000000000E+000
   4.50000000000000        7.50000000000000        10.2633298287451     
  0.000000000000000E+000
   5.50000000000000        7.50000000000000        10.2633292562544     
  0.000000000000000E+000
   6.50000000000000        7.50000000000000        7.70726115888716     
  0.000000000000000E+000
   7.50000000000000        7.50000000000000        4.90752764869770     
  0.000000000000000E+000
   8.50000000000000        7.50000000000000        3.00729949983518     
  0.000000000000000E+000
   9.50000000000000        7.50000000000000        1.87841734056187     
  0.000000000000000E+000
  0.500000000000000        8.50000000000000        1.42736123352506     
  0.000000000000000E+000
   1.50000000000000        8.50000000000000        2.08627850691866     
  0.000000000000000E+000
   2.50000000000000        8.50000000000000        3.00729033998417     
  0.000000000000000E+000
   3.50000000000000        8.50000000000000        4.07925374439606     
  0.000000000000000E+000
   4.50000000000000        8.50000000000000        4.87495257838117     
  0.000000000000000E+000
   5.50000000000000        8.50000000000000        4.87494876177654     
  0.000000000000000E+000
   6.50000000000000        8.50000000000000        4.07926229995136     
  0.000000000000000E+000
   7.50000000000000        8.50000000000000        3.00729949983518     
  0.000000000000000E+000
   8.50000000000000        8.50000000000000        2.08627376796789     
  0.000000000000000E+000
   9.50000000000000        8.50000000000000        1.42735627193912     
  0.000000000000000E+000
  0.500000000000000        9.50000000000000        1.05522588129540     
  0.000000000000000E+000
   1.50000000000000        9.50000000000000        1.42734507656561     
  0.000000000000000E+000
   2.50000000000000        9.50000000000000        1.87840080194189     
  0.000000000000000E+000
   3.50000000000000        9.50000000000000        2.32969508808341     
  0.000000000000000E+000
   4.50000000000000        9.50000000000000        2.62705157423078     
  0.000000000000000E+000
   5.50000000000000        9.50000000000000        2.62705157423078     
  0.000000000000000E+000
   6.50000000000000        9.50000000000000        2.32971391666606     
  0.000000000000000E+000
   7.50000000000000        9.50000000000000        1.87841734056187     
  0.000000000000000E+000
   8.50000000000000        9.50000000000000        1.42735627193912     
  0.000000000000000E+000
   9.50000000000000        9.50000000000000        1.05519899013533     
  0.000000000000000E+000
