  0.5000000      0.5000000       1.174931    
   1.500000      0.5000000       1.596259    
   2.500000      0.5000000       2.114112    
   3.500000      0.5000000       2.636962    
   4.500000      0.5000000       2.981996    
   5.500000      0.5000000       2.981617    
   6.500000      0.5000000       2.637012    
   7.500000      0.5000000       2.113771    
   8.500000      0.5000000       1.597141    
   9.500000      0.5000000       1.174640    
  0.5000000       1.500000       1.596221    
   1.500000       1.500000       2.357213    
   2.500000       1.500000       3.430213    
   3.500000       1.500000       4.701928    
   4.500000       1.500000       5.658545    
   5.500000       1.500000       5.659218    
   6.500000       1.500000       4.701238    
   7.500000       1.500000       3.430977    
   8.500000       1.500000       2.356905    
   9.500000       1.500000       1.596931    
  0.5000000       2.500000       2.114347    
   1.500000       2.500000       3.430030    
   2.500000       2.500000       5.694388    
   3.500000       2.500000       9.109808    
   4.500000       2.500000       12.30913    
   5.500000       2.500000       12.30848    
   6.500000       2.500000       9.110365    
   7.500000       2.500000       5.693862    
   8.500000       2.500000       3.430546    
   9.500000       2.500000       2.114727    
  0.5000000       3.500000       2.636994    
   1.500000       3.500000       4.702016    
   2.500000       3.500000       9.109771    
   3.500000       3.500000       18.42523    
   4.500000       3.500000       30.10078    
   5.500000       3.500000       30.10117    
   6.500000       3.500000       18.42504    
   7.500000       3.500000       9.109935    
   8.500000       3.500000       4.701942    
   9.500000       3.500000       2.635760    
  0.5000000       4.500000       2.981877    
   1.500000       4.500000       5.658635    
   2.500000       4.500000       12.30908    
   3.500000       4.500000       30.10094    
   4.500000       4.500000       54.40883    
   5.500000       4.500000       54.40887    
   6.500000       4.500000       30.10091    
   7.500000       4.500000       12.30896    
   8.500000       4.500000       5.658089    
   9.500000       4.500000       2.982724    
  0.5000000       5.500000       2.981684    
   1.500000       5.500000       5.658812    
   2.500000       5.500000       12.30879    
   3.500000       5.500000       30.10104    
   4.500000       5.500000       54.40883    
   5.500000       5.500000       54.40862    
   6.500000       5.500000       30.10113    
   7.500000       5.500000       12.30879    
   8.500000       5.500000       5.658824    
   9.500000       5.500000       2.981935    
  0.5000000       6.500000       2.636984    
   1.500000       6.500000       4.701242    
   2.500000       6.500000       9.110394    
   3.500000       6.500000       18.42488    
   4.500000       6.500000       30.10091    
   5.500000       6.500000       30.10102    
   6.500000       6.500000       18.42460    
   7.500000       6.500000       9.110305    
   8.500000       6.500000       4.701654    
   9.500000       6.500000       2.636015    
  0.5000000       7.500000       2.113840    
   1.500000       7.500000       3.430980    
   2.500000       7.500000       5.693710    
   3.500000       7.500000       9.109842    
   4.500000       7.500000       12.30900    
   5.500000       7.500000       12.30901    
   6.500000       7.500000       9.110250    
   7.500000       7.500000       5.693625    
   8.500000       7.500000       3.431103    
   9.500000       7.500000       2.113703    
  0.5000000       8.500000       1.597171    
   1.500000       8.500000       2.356762    
   2.500000       8.500000       3.430399    
   3.500000       8.500000       4.702293    
   4.500000       8.500000       5.658198    
   5.500000       8.500000       5.658569    
   6.500000       8.500000       4.701696    
   7.500000       8.500000       3.431153    
   8.500000       8.500000       2.356368    
   9.500000       8.500000       1.598061    
  0.5000000       9.500000       1.174355    
   1.500000       9.500000       1.597076    
   2.500000       9.500000       2.114537    
   3.500000       9.500000       2.635832    
   4.500000       9.500000       2.982520    
   5.500000       9.500000       2.982165    
   6.500000       9.500000       2.636001    
   7.500000       9.500000       2.113707    
   8.500000       9.500000       1.598137    
   9.500000       9.500000       1.174508    
