   8.0000000000000000        109.47636714952979     
   3.2000000000000002        76.331057655879661     
   1.2800000000000002        56.294206999043645     
  0.51200000000000012        54.949718276293851     
  0.20480000000000007        54.949718276293851     
   8.1920000000000034E-002   52.022383818040360     
   3.2768000000000012E-002   49.591528601915876     
   1.3107200000000006E-002   47.120120425427537     
   5.2428800000000027E-003   47.120120425427537     
   2.0971520000000010E-003   42.566948795496010     
   7.0000000000000000        35.652367534936772     
   2.8000000000000003        29.435365834046902     
   1.1200000000000001        28.193782613987935     
  0.44800000000000006        26.543109756968366     
  0.17920000000000003        24.560093504471912     
   7.1680000000000008E-002   22.592676228633504     
   2.8672000000000003E-002   21.781184207415357     
   1.1468800000000001E-002   21.164320081698552     
   4.5875200000000003E-003   20.062926811656986     
   1.8350080000000002E-003   20.062926811656986     
   7.0000000000000000        20.062926811656986     
   2.8000000000000003        20.062926811656986     
   1.1200000000000001        20.062926811656986     
  0.44800000000000006        13.328405442019958     
  0.17920000000000003        13.328405442019958     
   7.1680000000000008E-002   13.328405442019958     
   2.8672000000000003E-002   13.328405442019958     
   1.1468800000000001E-002   13.328405442019958     
   4.5875200000000003E-003   11.878565896551477     
   1.8350080000000002E-003   11.878565896551477     
   7.0000000000000000        11.878565896551477     
   2.8000000000000003        11.878565896551477     
   1.1200000000000001        11.878565896551477     
  0.44800000000000006        11.878565896551477     
  0.17920000000000003        11.878565896551477     
   7.1680000000000008E-002   11.878565896551477     
   2.8672000000000003E-002   11.878565896551477     
   1.1468800000000001E-002   11.877722324791069     
   4.5875200000000003E-003   11.877722324791069     
   1.8350080000000002E-003   11.877722324791069     
   7.0000000000000000        11.877722324791069     
   2.8000000000000003        11.877722324791069     
   1.1200000000000001        11.877722324791069     
  0.44800000000000006        8.6995180720151062     
  0.17920000000000003        8.6995180720151062     
   7.1680000000000008E-002   8.6995180720151062     
   2.8672000000000003E-002   8.6995180720151062     
   1.1468800000000001E-002   6.1587231750914562     
   4.5875200000000003E-003   6.1587231750914562     
   1.8350080000000002E-003   6.1587231750914562     
   7.0000000000000000        6.1587231750914562     
   2.8000000000000003        6.1587231750914562     
   1.1200000000000001        6.1587231750914562     
  0.44800000000000006        6.1587231750914562     
  0.17920000000000003        6.1587231750914562     
   7.1680000000000008E-002   6.1587231750914562     
   2.8672000000000003E-002   6.1587231750914562     
   1.1468800000000001E-002   6.1587231750914562     
   4.5875200000000003E-003   6.1587231750914562     
   1.8350080000000002E-003   6.1587231750914562     
   7.0000000000000000        6.1587231750914562     
   2.8000000000000003        6.1587231750914562     
   1.1200000000000001        6.1587231750914562     
  0.44800000000000006        6.1587231750914562     
  0.17920000000000003        6.1587231750914562     
   7.1680000000000008E-002   6.1587231750914562     
   2.8672000000000003E-002   3.4913883283133424     
