  0.50000000000000000       0.50000000000000000        2.7176827899211276E-008
   1.5000000000000000       0.50000000000000000        7.2718824958428741E-004
   2.5000000000000000       0.50000000000000000        9.0284339648860623E-007
   3.5000000000000000       0.50000000000000000        5.3223594420614972E-009
   4.5000000000000000       0.50000000000000000        1.6125108004416688E-007
   5.5000000000000000       0.50000000000000000        4.9731013973541849E-008
   6.5000000000000000       0.50000000000000000        1.4983193352691160E-008
   7.5000000000000000       0.50000000000000000        5.9555486586759798E-007
   8.5000000000000000       0.50000000000000000        5.8178022300126031E-005
   9.5000000000000000       0.50000000000000000        7.6887783961865352E-007
  0.50000000000000000        1.5000000000000000        1.6614909448264825E-009
   1.5000000000000000        1.5000000000000000        3.4393512760289013E-004
   2.5000000000000000        1.5000000000000000        6.3944411522243172E-005
   3.5000000000000000        1.5000000000000000        5.2002442316734232E-006
   4.5000000000000000        1.5000000000000000        2.9115629907039420E-009
   5.5000000000000000        1.5000000000000000        7.8025896854683197E-010
   6.5000000000000000        1.5000000000000000        1.1632491636603959E-009
   7.5000000000000000        1.5000000000000000        4.7514649850199930E-006
   8.5000000000000000        1.5000000000000000        2.7222100470680743E-005
   9.5000000000000000        1.5000000000000000        5.7869772426784039E-003
  0.50000000000000000        2.5000000000000000        4.3739991184565952E-008
   1.5000000000000000        2.5000000000000000        9.4729528063908219E-004
   2.5000000000000000        2.5000000000000000        1.1802562767115887E-006
   3.5000000000000000        2.5000000000000000        2.7819568870768308E-008
   4.5000000000000000        2.5000000000000000        3.1253453158797129E-008
   5.5000000000000000        2.5000000000000000        2.0346899691503495E-004
   6.5000000000000000        2.5000000000000000        1.0029444830195189E-008
   7.5000000000000000        2.5000000000000000        7.2610419010743499E-007
   8.5000000000000000        2.5000000000000000        5.3686435421695933E-005
   9.5000000000000000        2.5000000000000000        1.3673964076588163E-006
  0.50000000000000000        3.5000000000000000        7.0810729084769264E-006
   1.5000000000000000        3.5000000000000000        3.8409716216847301E-004
   2.5000000000000000        3.5000000000000000        8.1944599514827132E-006
   3.5000000000000000        3.5000000000000000        2.0649948055506684E-005
   4.5000000000000000        3.5000000000000000        2.9969038223498501E-005
   5.5000000000000000        3.5000000000000000        4.6224161633290350E-004
   6.5000000000000000        3.5000000000000000        4.8018693632911891E-005
   7.5000000000000000        3.5000000000000000        2.7148596927872859E-005
   8.5000000000000000        3.5000000000000000        1.1733114661183208E-004
   9.5000000000000000        3.5000000000000000        2.1280500916986966E-008
  0.50000000000000000        4.5000000000000000        1.8485903297005279E-007
   1.5000000000000000        4.5000000000000000        5.1908131126765511E-009
   2.5000000000000000        4.5000000000000000        7.6873652869835496E-004
   3.5000000000000000        4.5000000000000000        5.3945110266795382E-005
   4.5000000000000000        4.5000000000000000        3.1657381057739258     
   5.5000000000000000        4.5000000000000000        2.8939557075500488     
   6.5000000000000000        4.5000000000000000        3.0971864362072665E-007
   7.5000000000000000        4.5000000000000000        7.4211602623108774E-005
   8.5000000000000000        4.5000000000000000        1.0919544024545758E-007
   9.5000000000000000        4.5000000000000000        3.5710987500436886E-009
  0.50000000000000000        5.5000000000000000        7.0967791543807834E-005
   1.5000000000000000        5.5000000000000000        9.2448040334147663E-009
   2.5000000000000000        5.5000000000000000        1.2219368363730609E-004
   3.5000000000000000        5.5000000000000000        7.6171554610482417E-006
   4.5000000000000000        5.5000000000000000        2.9017536640167236     
   5.5000000000000000        5.5000000000000000        3.0184955596923828     
   6.5000000000000000        5.5000000000000000        3.3100683083375770E-008
   7.5000000000000000        5.5000000000000000        4.3837153498316184E-006
   8.5000000000000000        5.5000000000000000        9.2222165903876885E-008
   9.5000000000000000        5.5000000000000000        1.3536070764530450E-004
  0.50000000000000000        6.5000000000000000        1.0589441323816118E-008
   1.5000000000000000        6.5000000000000000        3.3506218244383490E-008
   2.5000000000000000        6.5000000000000000        1.0069798736367375E-004
   3.5000000000000000        6.5000000000000000        4.0291828895533399E-007
   4.5000000000000000        6.5000000000000000        2.2258191734181310E-007
   5.5000000000000000        6.5000000000000000        1.2169176443421748E-005
   6.5000000000000000        6.5000000000000000        8.3570277809030813E-008
   7.5000000000000000        6.5000000000000000        7.1785407271818258E-006
   8.5000000000000000        6.5000000000000000        7.4995059549110010E-006
   9.5000000000000000        6.5000000000000000        2.3082138795871288E-005
  0.50000000000000000        7.5000000000000000        1.9841547782561975E-006
   1.5000000000000000        7.5000000000000000        9.8272153081779834E-007
   2.5000000000000000        7.5000000000000000        2.6534193239058368E-005
   3.5000000000000000        7.5000000000000000        3.1863255145481162E-008
   4.5000000000000000        7.5000000000000000        8.2314142491668463E-004
   5.5000000000000000        7.5000000000000000        3.9217920857481658E-006
   6.5000000000000000        7.5000000000000000        2.8878110924779321E-007
   7.5000000000000000        7.5000000000000000        6.2320555116457399E-006
   8.5000000000000000        7.5000000000000000        1.2762802725774236E-007
   9.5000000000000000        7.5000000000000000        5.9283993323333561E-005
  0.50000000000000000        8.5000000000000000        2.5989845653384691E-006
   1.5000000000000000        8.5000000000000000        1.1789725976996124E-004
   2.5000000000000000        8.5000000000000000        5.6777412282826845E-006
   3.5000000000000000        8.5000000000000000        1.7998752809944563E-005
   4.5000000000000000        8.5000000000000000        4.0985587475006469E-006
   5.5000000000000000        8.5000000000000000        7.0673870311566134E-008
   6.5000000000000000        8.5000000000000000        2.8103815452595882E-007
   7.5000000000000000        8.5000000000000000        6.8715773522853851E-003
   8.5000000000000000        8.5000000000000000        1.3768139979219995E-005
   9.5000000000000000        8.5000000000000000        3.9378434303216636E-004
  0.50000000000000000        9.5000000000000000        1.1392643273211434E-008
   1.5000000000000000        9.5000000000000000        2.4920701946484769E-008
   2.5000000000000000        9.5000000000000000        1.8494094433663122E-007
   3.5000000000000000        9.5000000000000000        3.1007623135792528E-009
   4.5000000000000000        9.5000000000000000        1.4001793715578970E-006
   5.5000000000000000        9.5000000000000000        1.9287991648297975E-008
   6.5000000000000000        9.5000000000000000        9.2314712674124166E-006
   7.5000000000000000        9.5000000000000000        2.0912752006552182E-005
   8.5000000000000000        9.5000000000000000        5.9570488701865543E-006
   9.5000000000000000        9.5000000000000000        3.9650395046919584E-004
  0.50000000000000000       0.50000000000000000        2.7176827899211276E-008
   1.5000000000000000       0.50000000000000000        7.2718824958428741E-004
   2.5000000000000000       0.50000000000000000        9.0284339648860623E-007
   3.5000000000000000       0.50000000000000000        5.3223594420614972E-009
   4.5000000000000000       0.50000000000000000        1.6125108004416688E-007
   5.5000000000000000       0.50000000000000000        4.9731013973541849E-008
   6.5000000000000000       0.50000000000000000        1.4983193352691160E-008
   7.5000000000000000       0.50000000000000000        5.9555486586759798E-007
   8.5000000000000000       0.50000000000000000        5.8178022300126031E-005
   9.5000000000000000       0.50000000000000000        7.6887783961865352E-007
  0.50000000000000000        1.5000000000000000        1.6614909448264825E-009
   1.5000000000000000        1.5000000000000000        3.4393512760289013E-004
   2.5000000000000000        1.5000000000000000        6.3944411522243172E-005
   3.5000000000000000        1.5000000000000000        5.2002442316734232E-006
   4.5000000000000000        1.5000000000000000        2.9115629907039420E-009
   5.5000000000000000        1.5000000000000000        7.8025896854683197E-010
   6.5000000000000000        1.5000000000000000        1.1632491636603959E-009
   7.5000000000000000        1.5000000000000000        4.7514649850199930E-006
   8.5000000000000000        1.5000000000000000        2.7222100470680743E-005
   9.5000000000000000        1.5000000000000000        5.7869772426784039E-003
  0.50000000000000000        2.5000000000000000        4.3739991184565952E-008
   1.5000000000000000        2.5000000000000000        9.4729528063908219E-004
   2.5000000000000000        2.5000000000000000        1.1802562767115887E-006
   3.5000000000000000        2.5000000000000000        2.7819568870768308E-008
   4.5000000000000000        2.5000000000000000        3.1253453158797129E-008
   5.5000000000000000        2.5000000000000000        2.0346899691503495E-004
   6.5000000000000000        2.5000000000000000        1.0029444830195189E-008
   7.5000000000000000        2.5000000000000000        7.2610419010743499E-007
   8.5000000000000000        2.5000000000000000        5.3686435421695933E-005
   9.5000000000000000        2.5000000000000000        1.3673964076588163E-006
  0.50000000000000000        3.5000000000000000        7.0810729084769264E-006
   1.5000000000000000        3.5000000000000000        3.8409716216847301E-004
   2.5000000000000000        3.5000000000000000        8.1944599514827132E-006
   3.5000000000000000        3.5000000000000000        2.0649948055506684E-005
   4.5000000000000000        3.5000000000000000        2.9969038223498501E-005
   5.5000000000000000        3.5000000000000000        4.6224161633290350E-004
   6.5000000000000000        3.5000000000000000        4.8018693632911891E-005
   7.5000000000000000        3.5000000000000000        2.7148596927872859E-005
   8.5000000000000000        3.5000000000000000        1.1733114661183208E-004
   9.5000000000000000        3.5000000000000000        2.1280500916986966E-008
  0.50000000000000000        4.5000000000000000        1.8485903297005279E-007
   1.5000000000000000        4.5000000000000000        5.1908131126765511E-009
   2.5000000000000000        4.5000000000000000        7.6873652869835496E-004
   3.5000000000000000        4.5000000000000000        5.3945110266795382E-005
   4.5000000000000000        4.5000000000000000        3.1657381057739258     
   5.5000000000000000        4.5000000000000000        2.8939557075500488     
   6.5000000000000000        4.5000000000000000        3.0971864362072665E-007
   7.5000000000000000        4.5000000000000000        7.4211602623108774E-005
   8.5000000000000000        4.5000000000000000        1.0919544024545758E-007
   9.5000000000000000        4.5000000000000000        3.5710987500436886E-009
  0.50000000000000000        5.5000000000000000        7.0967791543807834E-005
   1.5000000000000000        5.5000000000000000        9.2448040334147663E-009
   2.5000000000000000        5.5000000000000000        1.2219368363730609E-004
   3.5000000000000000        5.5000000000000000        7.6171554610482417E-006
   4.5000000000000000        5.5000000000000000        2.9017536640167236     
   5.5000000000000000        5.5000000000000000        3.0184955596923828     
   6.5000000000000000        5.5000000000000000        3.3100683083375770E-008
   7.5000000000000000        5.5000000000000000        4.3837153498316184E-006
   8.5000000000000000        5.5000000000000000        9.2222165903876885E-008
   9.5000000000000000        5.5000000000000000        1.3536070764530450E-004
  0.50000000000000000        6.5000000000000000        1.0589441323816118E-008
   1.5000000000000000        6.5000000000000000        3.3506218244383490E-008
   2.5000000000000000        6.5000000000000000        1.0069798736367375E-004
   3.5000000000000000        6.5000000000000000        4.0291828895533399E-007
   4.5000000000000000        6.5000000000000000        2.2258191734181310E-007
   5.5000000000000000        6.5000000000000000        1.2169176443421748E-005
   6.5000000000000000        6.5000000000000000        8.3570277809030813E-008
   7.5000000000000000        6.5000000000000000        7.1785407271818258E-006
   8.5000000000000000        6.5000000000000000        7.4995059549110010E-006
   9.5000000000000000        6.5000000000000000        2.3082138795871288E-005
  0.50000000000000000        7.5000000000000000        1.9841547782561975E-006
   1.5000000000000000        7.5000000000000000        9.8272153081779834E-007
   2.5000000000000000        7.5000000000000000        2.6534193239058368E-005
   3.5000000000000000        7.5000000000000000        3.1863255145481162E-008
   4.5000000000000000        7.5000000000000000        8.2314142491668463E-004
   5.5000000000000000        7.5000000000000000        3.9217920857481658E-006
   6.5000000000000000        7.5000000000000000        2.8878110924779321E-007
   7.5000000000000000        7.5000000000000000        6.2320555116457399E-006
   8.5000000000000000        7.5000000000000000        1.2762802725774236E-007
   9.5000000000000000        7.5000000000000000        5.9283993323333561E-005
  0.50000000000000000        8.5000000000000000        2.5989845653384691E-006
   1.5000000000000000        8.5000000000000000        1.1789725976996124E-004
   2.5000000000000000        8.5000000000000000        5.6777412282826845E-006
   3.5000000000000000        8.5000000000000000        1.7998752809944563E-005
   4.5000000000000000        8.5000000000000000        4.0985587475006469E-006
   5.5000000000000000        8.5000000000000000        7.0673870311566134E-008
   6.5000000000000000        8.5000000000000000        2.8103815452595882E-007
   7.5000000000000000        8.5000000000000000        6.8715773522853851E-003
   8.5000000000000000        8.5000000000000000        1.3768139979219995E-005
   9.5000000000000000        8.5000000000000000        3.9378434303216636E-004
  0.50000000000000000        9.5000000000000000        1.1392643273211434E-008
   1.5000000000000000        9.5000000000000000        2.4920701946484769E-008
   2.5000000000000000        9.5000000000000000        1.8494094433663122E-007
   3.5000000000000000        9.5000000000000000        3.1007623135792528E-009
   4.5000000000000000        9.5000000000000000        1.4001793715578970E-006
   5.5000000000000000        9.5000000000000000        1.9287991648297975E-008
   6.5000000000000000        9.5000000000000000        9.2314712674124166E-006
   7.5000000000000000        9.5000000000000000        2.0912752006552182E-005
   8.5000000000000000        9.5000000000000000        5.9570488701865543E-006
   9.5000000000000000        9.5000000000000000        3.9650395046919584E-004
