  0.500000000000000       0.500000000000000      -3.300000040326267E-003
   1.50000000000000       0.500000000000000      -2.730000024894252E-002
   2.50000000000000       0.500000000000000      -7.530000066617504E-002
   3.50000000000000       0.500000000000000      -0.147300001292024     
   4.50000000000000       0.500000000000000      -0.243300002126489     
   5.50000000000000       0.500000000000000      -0.363300003169570     
   6.50000000000000       0.500000000000000      -0.507300004421268     
   7.50000000000000       0.500000000000000      -0.675300005881581     
   8.50000000000000       0.500000000000000      -0.867300007550512     
   9.50000000000000       0.500000000000000       -1.08330000942806     
  0.500000000000000        1.50000000000000      -5.700000154320151E-003
   1.50000000000000        1.50000000000000      -2.970000036293641E-002
   2.50000000000000        1.50000000000000      -7.770000078016892E-002
   3.50000000000000        1.50000000000000      -0.149700001406018     
   4.50000000000000        1.50000000000000      -0.245700002240483     
   5.50000000000000        1.50000000000000      -0.365700003283564     
   6.50000000000000        1.50000000000000      -0.509700004535262     
   7.50000000000000        1.50000000000000      -0.677700005995575     
   8.50000000000000        1.50000000000000      -0.869700007664505     
   9.50000000000000        1.50000000000000       -1.08570000954205     
  0.500000000000000        2.50000000000000      -1.050000038230792E-002
   1.50000000000000        2.50000000000000      -3.450000059092417E-002
   2.50000000000000        2.50000000000000      -8.250000100815669E-002
   3.50000000000000        2.50000000000000      -0.154500001634005     
   4.50000000000000        2.50000000000000      -0.250500002468470     
   5.50000000000000        2.50000000000000      -0.370500003511552     
   6.50000000000000        2.50000000000000      -0.514500004763249     
   7.50000000000000        2.50000000000000      -0.682500006223563     
   8.50000000000000        2.50000000000000      -0.874500007892493     
   9.50000000000000        2.50000000000000       -1.09050000977004     
  0.500000000000000        3.50000000000000      -1.770000072428957E-002
   1.50000000000000        3.50000000000000      -4.170000093290582E-002
   2.50000000000000        3.50000000000000      -8.970000135013834E-002
   3.50000000000000        3.50000000000000      -0.161700001975987     
   4.50000000000000        3.50000000000000      -0.257700002810452     
   5.50000000000000        3.50000000000000      -0.377700003853533     
   6.50000000000000        3.50000000000000      -0.521700005105231     
   7.50000000000000        3.50000000000000      -0.689700006565545     
   8.50000000000000        3.50000000000000      -0.881700008234475     
   9.50000000000000        3.50000000000000       -1.09770001011202     
  0.500000000000000        4.50000000000000      -2.730000118026510E-002
   1.50000000000000        4.50000000000000      -5.130000138888136E-002
   2.50000000000000        4.50000000000000      -9.930000180611387E-002
   3.50000000000000        4.50000000000000      -0.171300002431963     
   4.50000000000000        4.50000000000000      -0.267300003266428     
   5.50000000000000        4.50000000000000      -0.387300004309509     
   6.50000000000000        4.50000000000000      -0.531300005561206     
   7.50000000000000        4.50000000000000      -0.699300007021520     
   8.50000000000000        4.50000000000000      -0.891300008690450     
   9.50000000000000        4.50000000000000       -1.10730001056800     
  0.500000000000000        5.50000000000000      -3.930000175023451E-002
   1.50000000000000        5.50000000000000      -6.330000195885077E-002
   2.50000000000000        5.50000000000000      -0.111300002376083     
   3.50000000000000        5.50000000000000      -0.183300003001932     
   4.50000000000000        5.50000000000000      -0.279300003836397     
   5.50000000000000        5.50000000000000      -0.399300004879478     
   6.50000000000000        5.50000000000000      -0.543300006131176     
   7.50000000000000        5.50000000000000      -0.711300007591490     
   8.50000000000000        5.50000000000000      -0.903300009260420     
   9.50000000000000        5.50000000000000       -1.11930001113797     
  0.500000000000000        6.50000000000000      -5.370000243419781E-002
   1.50000000000000        6.50000000000000      -7.770000264281407E-002
   2.50000000000000        6.50000000000000      -0.125700003060047     
   3.50000000000000        6.50000000000000      -0.197700003685895     
   4.50000000000000        6.50000000000000      -0.293700004520360     
   5.50000000000000        6.50000000000000      -0.413700005563442     
   6.50000000000000        6.50000000000000      -0.557700006815139     
   7.50000000000000        6.50000000000000      -0.725700008275453     
   8.50000000000000        6.50000000000000      -0.917700009944383     
   9.50000000000000        6.50000000000000       -1.13370001182193     
  0.500000000000000        7.50000000000000      -7.050000323215500E-002
   1.50000000000000        7.50000000000000      -9.450000344077125E-002
   2.50000000000000        7.50000000000000      -0.142500003858004     
   3.50000000000000        7.50000000000000      -0.214500004483853     
   4.50000000000000        7.50000000000000      -0.310500005318318     
   5.50000000000000        7.50000000000000      -0.430500006361399     
   6.50000000000000        7.50000000000000      -0.574500007613096     
   7.50000000000000        7.50000000000000      -0.742500009073410     
   8.50000000000000        7.50000000000000      -0.934500010742340     
   9.50000000000000        7.50000000000000       -1.15050001261989     
  0.500000000000000        8.50000000000000      -8.970000414410606E-002
   1.50000000000000        8.50000000000000      -0.113700004352722     
   2.50000000000000        8.50000000000000      -0.161700004769955     
   3.50000000000000        8.50000000000000      -0.233700005395804     
   4.50000000000000        8.50000000000000      -0.329700006230269     
   5.50000000000000        8.50000000000000      -0.449700007273350     
   6.50000000000000        8.50000000000000      -0.593700008525047     
   7.50000000000000        8.50000000000000      -0.761700009985361     
   8.50000000000000        8.50000000000000      -0.953700011654291     
   9.50000000000000        8.50000000000000       -1.16970001353184     
  0.500000000000000        9.50000000000000      -0.111300005170051     
   1.50000000000000        9.50000000000000      -0.135300005378667     
   2.50000000000000        9.50000000000000      -0.183300005795900     
   3.50000000000000        9.50000000000000      -0.255300006421749     
   4.50000000000000        9.50000000000000      -0.351300007256214     
   5.50000000000000        9.50000000000000      -0.471300008299295     
   6.50000000000000        9.50000000000000      -0.615300009550992     
   7.50000000000000        9.50000000000000      -0.783300011011306     
   8.50000000000000        9.50000000000000      -0.975300012680236     
   9.50000000000000        9.50000000000000       -1.19130001455778     
